\BOOKMARK [-1][-]{part.1}{\376\377\000I\000\040\000M\000a\000t\000-\0003\0000\0004\000\040\000:\000\040\000C\000a\000l\000c\000u\000l\000\040\000m\000a\000t\000r\000i\000c\000i\000e\000l\000\040\000e\000t\000\040\000f\000o\000n\000c\000t\000i\000o\000n\000s\000\040\000d\000e\000\040\000p\000l\000u\000s\000i\000e\000u\000r\000s\000\040\000v\000a\000r\000i\000a\000b\000l\000e\000s}{}% 1
\BOOKMARK [0][-]{chapter.1.1}{\376\377\000R\000e\000p\000\351\000r\000a\000g\000e\000\040\000d\000a\000n\000s\000\040\000R\0003}{part.1}% 2
\BOOKMARK [0][-]{chapter.1.2}{\376\377\000F\000o\000n\000c\000t\000i\000o\000n\000s\000\040\000d\000e\000\040\000p\000l\000u\000s\000i\000e\000u\000r\000s\000\040\000v\000a\000r\000i\000a\000b\000l\000e\000s}{part.1}% 3
\BOOKMARK [0][-]{chapter.1.3}{\376\377\000D\000\351\000r\000i\000v\000a\000t\000i\000o\000n\000\040\000e\000n\000\040\000p\000l\000u\000s\000i\000e\000u\000r\000s\000\040\000v\000a\000r\000i\000a\000b\000l\000e\000s}{part.1}% 4
\BOOKMARK [1][-]{section.1.3.1}{\376\377\000D\000\351\000f\000i\000n\000i\000t\000i\000o\000n\000\040\000e\000t\000\040\000p\000r\000e\000m\000i\000\350\000r\000e\000s\000\040\000p\000r\000o\000p\000r\000i\000\351\000t\000\351\000s}{chapter.1.3}% 5
\BOOKMARK [1][-]{section.1.3.2}{\376\377\000D\000i\000f\000f\000\351\000r\000e\000n\000t\000i\000a\000b\000i\000l\000i\000t\000\351\000\040\000e\000t\000\040\000f\000o\000r\000m\000e\000s\000\040\000d\000i\000f\000f\000\351\000r\000e\000n\000t\000i\000e\000l\000l\000e\000s}{chapter.1.3}% 6
\BOOKMARK [0][-]{chapter.1.4}{\376\377\000O\000p\000\351\000r\000a\000t\000e\000u\000r\000s\000\040\000d\000i\000f\000f\000\351\000r\000e\000n\000t\000i\000e\000l\000l\000e\000s}{part.1}% 7
\BOOKMARK [0][-]{chapter.1.5}{\376\377\000I\000n\000t\000\351\000g\000r\000a\000t\000i\000o\000n\000\040\000e\000n\000\040\000p\000l\000u\000s\000i\000e\000u\000r\000s\000\040\000v\000a\000r\000i\000a\000b\000l\000e\000s}{part.1}% 8
\BOOKMARK [0][-]{chapter.1.6}{\376\377\000C\000a\000l\000c\000u\000l\000\040\000m\000a\000t\000r\000i\000c\000i\000e\000l}{part.1}% 9
\BOOKMARK [1][-]{section.1.6.1}{\376\377\000M\000a\000t\000r\000i\000c\000e\000s\000\040\000p\000a\000r\000t\000i\000c\000u\000l\000i\000\350\000r\000e\000s}{chapter.1.6}% 10
\BOOKMARK [1][-]{section.1.6.2}{\376\377\000D\000\351\000t\000e\000r\000m\000i\000n\000a\000n\000t\000s}{chapter.1.6}% 11
\BOOKMARK [0][-]{chapter.1.7}{\376\377\000D\000i\000a\000g\000o\000n\000a\000l\000i\000s\000a\000t\000i\000o\000n}{part.1}% 12
\BOOKMARK [1][-]{section.1.7.1}{\376\377\000\311\000l\000\351\000m\000e\000n\000t\000s\000\040\000p\000r\000o\000p\000r\000e\000s}{chapter.1.7}% 13
\BOOKMARK [1][-]{section.1.7.2}{\376\377\000P\000o\000l\000y\000n\000\364\000m\000e\000\040\000c\000a\000r\000a\000c\000t\000\351\000r\000i\000s\000t\000i\000q\000u\000e\000\040\000e\000t\000\040\000c\000a\000l\000c\000u\000l\000\040\000d\000e\000s\000\040\000\351\000l\000\351\000m\000e\000n\000t\000s\000\040\000p\000r\000o\000p\000r\000e\000s}{chapter.1.7}% 14
\BOOKMARK [1][-]{section.1.7.3}{\376\377\000D\000i\000a\000g\000o\000n\000a\000l\000i\000s\000a\000t\000i\000o\000n}{chapter.1.7}% 15
\BOOKMARK [1][-]{section.1.7.4}{\376\377\000M\000a\000t\000r\000i\000c\000e\000s\000\040\000s\000y\000m\000\351\000t\000r\000i\000q\000u\000e\000s\000\040\000e\000t\000\040\000f\000o\000r\000m\000e\000s\000\040\000q\000u\000a\000d\000r\000a\000t\000i\000q\000u\000e\000s}{chapter.1.7}% 16
\BOOKMARK [0][-]{chapter.1.8}{\376\377\000E\000x\000t\000r\000e\000m\000u\000m\000s\000\040\000e\000n\000\040\000p\000l\000u\000s\000i\000e\000u\000r\000s\000\040\000v\000a\000r\000i\000a\000b\000l\000e\000s}{part.1}% 17
\BOOKMARK [-1][-]{part.2}{\376\377\000I\000I\000\040\000M\000a\000t\000-\0003\0000\0007\000\040\000:\000\040\000C\000o\000u\000r\000b\000e\000s\000\040\000p\000a\000r\000a\000m\000\351\000t\000r\000\351\000e\000s\000\040\000e\000t\000\040\000\351\000q\000u\000a\000t\000i\000o\000n\000s\000\040\000d\000i\000f\000f\000\351\000r\000e\000n\000t\000i\000e\000l\000l\000e\000s\000\040\000p\000o\000u\000r\000\040\000l\000a\000\040\000p\000h\000y\000s\000i\000q\000u\000e}{}% 18
\BOOKMARK [-1][-]{part.3}{\376\377\000I\000I\000I\000\040\000M\000e\000c\000-\0003\0000\0001\000\040\000:\000\040\000M\000\351\000c\000a\000n\000i\000q\000u\000e\000\040\000d\000u\000\040\000s\000o\000l\000i\000d\000e\000\040\000i\000n\000d\000\351\000f\000o\000r\000m\000a\000b\000l\000e}{}% 19
\BOOKMARK [-1][-]{part.4}{\376\377\000I\000V\000\040\000P\000h\000y\000-\0003\0000\0001\000\040\000:\000\040\000\311\000l\000e\000c\000t\000r\000o\000m\000a\000g\000n\000\351\000t\000i\000s\000m\000e\000\040\0001}{}% 20
\BOOKMARK [-1][-]{part.5}{\376\377\000V\000\040\000P\000h\000y\0003\0000\0002\000\040\000:\000\040\000T\000h\000e\000r\000m\000o\000d\000y\000n\000a\000m\000i\000q\000u\000e}{}% 21
\BOOKMARK [-1][-]{part.6}{\376\377\000V\000I\000\040\000A\000n\000n\000e\000x\000e\000s}{}% 22
