This is pdfTeX, Version 3.141592653-2.6-1.40.24 (MiKTeX 22.3) (preloaded format=pdflatex 2022.5.30)  27 NOV 2022 11:40
entering extended mode
 restricted \write18 enabled.
 file:line:error style messages enabled.
 %&-line parsing enabled.
**"c:/Users/segur/Desktop/LaTeX/Livre licence/main.tex"
(c:/Users/segur/Desktop/LaTeX/Livre licence/main.tex
LaTeX2e <2021-11-15> patch level 1
L3 programming layer <2022-05-04> (C:\Users\segur\AppData\Local\Programs\MiKTeX\tex/latex/base\book.cls
Document Class: book 2021/10/04 v1.4n Standard LaTeX document class
(C:\Users\segur\AppData\Local\Programs\MiKTeX\tex/latex/base\bk12.clo
File: bk12.clo 2021/10/04 v1.4n Standard LaTeX file (size option)
)
\c@part=\count185
\c@chapter=\count186
\c@section=\count187
\c@subsection=\count188
\c@subsubsection=\count189
\c@paragraph=\count190
\c@subparagraph=\count191
\c@figure=\count192
\c@table=\count193
\abovecaptionskip=\skip47
\belowcaptionskip=\skip48
\bibindent=\dimen138
) (C:\Users\segur\AppData\Local\Programs\MiKTeX\tex/latex/base\inputenc.sty
Package: inputenc 2021/02/14 v1.3d Input encoding file
\inpenc@prehook=\toks16
\inpenc@posthook=\toks17
) (C:\Users\segur\AppData\Local\Programs\MiKTeX\tex/latex/geometry\geometry.sty
Package: geometry 2020/01/02 v5.9 Page Geometry
 (C:\Users\segur\AppData\Local\Programs\MiKTeX\tex/latex/graphics\keyval.sty
Package: keyval 2014/10/28 v1.15 key=value parser (DPC)
\KV@toks@=\toks18
) (C:\Users\segur\AppData\Local\Programs\MiKTeX\tex/generic/iftex\ifvtex.sty
Package: ifvtex 2019/10/25 v1.7 ifvtex legacy package. Use iftex instead.
 (C:\Users\segur\AppData\Local\Programs\MiKTeX\tex/generic/iftex\iftex.sty
Package: iftex 2022/02/03 v1.0f TeX engine tests
))
\Gm@cnth=\count194
\Gm@cntv=\count195
\c@Gm@tempcnt=\count196
\Gm@bindingoffset=\dimen139
\Gm@wd@mp=\dimen140
\Gm@odd@mp=\dimen141
\Gm@even@mp=\dimen142
\Gm@layoutwidth=\dimen143
\Gm@layoutheight=\dimen144
\Gm@layouthoffset=\dimen145
\Gm@layoutvoffset=\dimen146
\Gm@dimlist=\toks19
 (C:\Users\segur\AppData\Local\Programs\MiKTeX\tex/latex/geometry\geometry.cfg)) (C:\Users\segur\AppData\Local\Programs\MiKTeX\tex/generic/babel\babel.sty
Package: babel 2022/05/22 3.75 The Babel package
\babel@savecnt=\count197
\U@D=\dimen147
\l@unhyphenated=\language79
 (C:\Users\segur\AppData\Local\Programs\MiKTeX\tex/generic/babel\txtbabel.def)
\bbl@readstream=\read2
\bbl@dirlevel=\count198

*************************************
* Local config file bblopts.cfg used
*
(C:\Users\segur\AppData\Local\Programs\MiKTeX\tex/latex/arabi\bblopts.cfg
File: bblopts.cfg 2005/09/08 v0.1 add Arabic and Farsi to "declared" options of babel
) (C:\Users\segur\AppData\Local\Programs\MiKTeX\tex/generic/babel-french\french.ldf
Language: french 2022/04/18 v3.5n French support from the babel system
Package babel Info: Hyphen rules for 'acadian' set to \l@french
(babel)             (\language22). Reported on input line 91.
Package babel Info: Hyphen rules for 'canadien' set to \l@french
(babel)             (\language22). Reported on input line 92.
\FB@nonchar=\count199
Package babel Info: Making : an active character on input line 430.
Package babel Info: Making ; an active character on input line 431.
Package babel Info: Making ! an active character on input line 432.
Package babel Info: Making ? an active character on input line 433.
\FBguill@level=\count266
\FBold@everypar=\toks20
\FB@Mht=\dimen148
\mc@charclass=\count267
\mc@charfam=\count268
\mc@charslot=\count269
\std@mcc=\count270
\dec@mcc=\count271
\listindentFB=\dimen149
\descindentFB=\dimen150
\labelindentFB=\dimen151
\labelwidthFB=\dimen152
\leftmarginFB=\dimen153
\parindentFFN=\dimen154
\FBfnindent=\dimen155
)) (C:\Users\segur\AppData\Local\Programs\MiKTeX\tex/generic/babel/locale/fr\babel-french.tex
Package babel Info: Importing font and identification data for french
(babel)             from babel-fr.ini. Reported on input line 11.
) (C:\Users\segur\AppData\Local\Programs\MiKTeX\tex/latex/carlisle\scalefnt.sty) (C:\Users\segur\AppData\Local\Programs\MiKTeX\tex/latex/hyperref\hyperref.sty
Package: hyperref 2022-05-17 v7.00q Hypertext links for LaTeX
 (C:\Users\segur\AppData\Local\Programs\MiKTeX\tex/generic/ltxcmds\ltxcmds.sty
Package: ltxcmds 2020-05-10 v1.25 LaTeX kernel commands for general use (HO)
) (C:\Users\segur\AppData\Local\Programs\MiKTeX\tex/generic/pdftexcmds\pdftexcmds.sty
Package: pdftexcmds 2020-06-27 v0.33 Utility functions of pdfTeX for LuaTeX (HO)
 (C:\Users\segur\AppData\Local\Programs\MiKTeX\tex/generic/infwarerr\infwarerr.sty
Package: infwarerr 2019/12/03 v1.5 Providing info/warning/error messages (HO)
)
Package pdftexcmds Info: \pdf@primitive is available.
Package pdftexcmds Info: \pdf@ifprimitive is available.
Package pdftexcmds Info: \pdfdraftmode found.
) (C:\Users\segur\AppData\Local\Programs\MiKTeX\tex/generic/kvsetkeys\kvsetkeys.sty
Package: kvsetkeys 2019/12/15 v1.18 Key value parser (HO)
) (C:\Users\segur\AppData\Local\Programs\MiKTeX\tex/generic/kvdefinekeys\kvdefinekeys.sty
Package: kvdefinekeys 2019-12-19 v1.6 Define keys (HO)
) (C:\Users\segur\AppData\Local\Programs\MiKTeX\tex/generic/pdfescape\pdfescape.sty
Package: pdfescape 2019/12/09 v1.15 Implements pdfTeX's escape features (HO)
) (C:\Users\segur\AppData\Local\Programs\MiKTeX\tex/latex/hycolor\hycolor.sty
Package: hycolor 2020-01-27 v1.10 Color options for hyperref/bookmark (HO)
) (C:\Users\segur\AppData\Local\Programs\MiKTeX\tex/latex/letltxmacro\letltxmacro.sty
Package: letltxmacro 2019/12/03 v1.6 Let assignment for LaTeX macros (HO)
) (C:\Users\segur\AppData\Local\Programs\MiKTeX\tex/latex/auxhook\auxhook.sty
Package: auxhook 2019-12-17 v1.6 Hooks for auxiliary files (HO)
) (C:\Users\segur\AppData\Local\Programs\MiKTeX\tex/latex/hyperref\nameref.sty
Package: nameref 2022-05-17 v2.50 Cross-referencing by name of section
 (C:\Users\segur\AppData\Local\Programs\MiKTeX\tex/latex/refcount\refcount.sty
Package: refcount 2019/12/15 v3.6 Data extraction from label references (HO)
) (C:\Users\segur\AppData\Local\Programs\MiKTeX\tex/generic/gettitlestring\gettitlestring.sty
Package: gettitlestring 2019/12/15 v1.6 Cleanup title references (HO)
 (C:\Users\segur\AppData\Local\Programs\MiKTeX\tex/latex/kvoptions\kvoptions.sty
Package: kvoptions 2020-10-07 v3.14 Key value format for package options (HO)
))
\c@section@level=\count272
)
\@linkdim=\dimen156
\Hy@linkcounter=\count273
\Hy@pagecounter=\count274
 (C:\Users\segur\AppData\Local\Programs\MiKTeX\tex/latex/hyperref\pd1enc.def
File: pd1enc.def 2022-05-17 v7.00q Hyperref: PDFDocEncoding definition (HO)
Now handling font encoding PD1 ...
... no UTF-8 mapping file for font encoding PD1
) (C:\Users\segur\AppData\Local\Programs\MiKTeX\tex/generic/intcalc\intcalc.sty
Package: intcalc 2019/12/15 v1.3 Expandable calculations with integers (HO)
) (C:\Users\segur\AppData\Local\Programs\MiKTeX\tex/generic/etexcmds\etexcmds.sty
Package: etexcmds 2019/12/15 v1.7 Avoid name clashes with e-TeX commands (HO)
)
\Hy@SavedSpaceFactor=\count275
 (C:\Users\segur\AppData\Local\Programs\MiKTeX\tex/latex/hyperref\puenc.def
File: puenc.def 2022-05-17 v7.00q Hyperref: PDF Unicode definition (HO)
Now handling font encoding PU ...
... no UTF-8 mapping file for font encoding PU
)
Package hyperref Info: Hyper figures OFF on input line 4139.
Package hyperref Info: Link nesting OFF on input line 4144.
Package hyperref Info: Hyper index ON on input line 4147.
Package hyperref Info: Plain pages OFF on input line 4154.
Package hyperref Info: Backreferencing OFF on input line 4159.
Package hyperref Info: Implicit mode ON; LaTeX internals redefined.
Package hyperref Info: Bookmarks ON on input line 4385.
\c@Hy@tempcnt=\count276
 (C:\Users\segur\AppData\Local\Programs\MiKTeX\tex/latex/url\url.sty
\Urlmuskip=\muskip16
Package: url 2013/09/16  ver 3.4  Verb mode for urls, etc.
)
LaTeX Info: Redefining \url on input line 4723.
\XeTeXLinkMargin=\dimen157
 (C:\Users\segur\AppData\Local\Programs\MiKTeX\tex/generic/bitset\bitset.sty
Package: bitset 2019/12/09 v1.3 Handle bit-vector datatype (HO)
 (C:\Users\segur\AppData\Local\Programs\MiKTeX\tex/generic/bigintcalc\bigintcalc.sty
Package: bigintcalc 2019/12/15 v1.5 Expandable calculations on big integers (HO)
))
\Fld@menulength=\count277
\Field@Width=\dimen158
\Fld@charsize=\dimen159
Package hyperref Info: Hyper figures OFF on input line 6001.
Package hyperref Info: Link nesting OFF on input line 6006.
Package hyperref Info: Hyper index ON on input line 6009.
Package hyperref Info: backreferencing OFF on input line 6016.
Package hyperref Info: Link coloring OFF on input line 6021.
Package hyperref Info: Link coloring with OCG OFF on input line 6026.
Package hyperref Info: PDF/A mode OFF on input line 6031.
LaTeX Info: Redefining \ref on input line 6078.
LaTeX Info: Redefining \pageref on input line 6078.
 (C:\Users\segur\AppData\Local\Programs\MiKTeX\tex/latex/base\atbegshi-ltx.sty
Package: atbegshi-ltx 2021/01/10 v1.0c Emulation of the original atbegshi
package with kernel methods
)
\Hy@abspage=\count278
\c@Item=\count279
\c@Hfootnote=\count280
)
Package hyperref Info: Driver (autodetected): hpdftex.
 (C:\Users\segur\AppData\Local\Programs\MiKTeX\tex/latex/hyperref\hpdftex.def
File: hpdftex.def 2022-05-17 v7.00q Hyperref driver for pdfTeX
 (C:\Users\segur\AppData\Local\Programs\MiKTeX\tex/latex/base\atveryend-ltx.sty
Package: atveryend-ltx 2020/08/19 v1.0a Emulation of the original atveryend package
with kernel methods
)
\Fld@listcount=\count281
\c@bookmark@seq@number=\count282
 (C:\Users\segur\AppData\Local\Programs\MiKTeX\tex/latex/rerunfilecheck\rerunfilecheck.sty
Package: rerunfilecheck 2019/12/05 v1.9 Rerun checks for auxiliary files (HO)
 (C:\Users\segur\AppData\Local\Programs\MiKTeX\tex/generic/uniquecounter\uniquecounter.sty
Package: uniquecounter 2019/12/15 v1.4 Provide unlimited unique counter (HO)
)
Package uniquecounter Info: New unique counter `rerunfilecheck' on input line 286.
)
\Hy@SectionHShift=\skip49
) (C:\Users\segur\AppData\Local\Programs\MiKTeX\tex/latex/pst-blur\pst-blur.sty (C:\Users\segur\AppData\Local\Programs\MiKTeX\tex/latex/pstricks\pstricks.sty
Package: pstricks 2021/08/23 v0.71 LaTeX wrapper for `PSTricks' (RN,HV)
 (C:\Users\segur\AppData\Local\Programs\MiKTeX\tex/latex/xcolor\xcolor.sty
Package: xcolor 2021/10/31 v2.13 LaTeX color extensions (UK)
 (C:\Users\segur\AppData\Local\Programs\MiKTeX\tex/latex/graphics-cfg\color.cfg
File: color.cfg 2016/01/02 v1.6 sample color configuration
)
Package xcolor Info: Driver file: pdftex.def on input line 227.
 (C:\Users\segur\AppData\Local\Programs\MiKTeX\tex/latex/graphics-def\pdftex.def
File: pdftex.def 2020/10/05 v1.2a Graphics/color driver for pdftex
)
Package xcolor Info: Model `cmy' substituted by `cmy0' on input line 1352.
Package xcolor Info: Model `hsb' substituted by `rgb' on input line 1356.
Package xcolor Info: Model `RGB' extended on input line 1368.
Package xcolor Info: Model `HTML' substituted by `rgb' on input line 1370.
Package xcolor Info: Model `Hsb' substituted by `hsb' on input line 1371.
Package xcolor Info: Model `tHsb' substituted by `hsb' on input line 1372.
Package xcolor Info: Model `HSB' substituted by `hsb' on input line 1373.
Package xcolor Info: Model `Gray' substituted by `gray' on input line 1374.
Package xcolor Info: Model `wave' substituted by `hsb' on input line 1375.
) (C:\Users\segur\AppData\Local\Programs\MiKTeX\tex/generic/xkeyval\pst-xkey.tex
File: pst-xkey.tex 2005/11/25 v1.6 PSTricks specialization of xkeyval (HA)
 (C:\Users\segur\AppData\Local\Programs\MiKTeX\tex/latex/xkeyval\xkeyval.sty
Package: xkeyval 2020/11/20 v2.8 package option processing (HA)
 (C:\Users\segur\AppData\Local\Programs\MiKTeX\tex/generic/xkeyval\xkeyval.tex (C:\Users\segur\AppData\Local\Programs\MiKTeX\tex/generic/xkeyval\xkvutils.tex
\XKV@toks=\toks21
\XKV@tempa@toks=\toks22
)
\XKV@depth=\count283
File: xkeyval.tex 2014/12/03 v2.7a key=value parser (HA)
))) (C:\Users\segur\AppData\Local\Programs\MiKTeX\tex/generic/pstricks\pstricks.tex (C:\Users\segur\AppData\Local\Programs\MiKTeX\tex/generic/pstricks\pst-fp.tex `pst-fp' v0.06, 2020/11/20 (hv)
\pstFP@xs=\count284
\pstFP@xia=\count285
\pstFP@xib=\count286
\pstFP@xfa=\count287
\pstFP@xfb=\count288
\pstFP@rega=\count289
\pstFP@regb=\count290
\pstFP@regs=\count291
\pstFP@times=\count292
) (C:\Users\segur\AppData\Local\Programs\MiKTeX\tex/generic/pgf/utilities\pgfutil-common.tex
\pgfutil@everybye=\toks23
\pgfutil@tempdima=\dimen160
\pgfutil@tempdimb=\dimen161
 (C:\Users\segur\AppData\Local\Programs\MiKTeX\tex/generic/pgf/utilities\pgfutil-common-lists.tex)) (C:\Users\segur\AppData\Local\Programs\MiKTeX\tex/generic/pgf/utilities\pgfkeys.code.tex
\pgfkeys@pathtoks=\toks24
\pgfkeys@temptoks=\toks25
 (C:\Users\segur\AppData\Local\Programs\MiKTeX\tex/generic/pgf/utilities\pgfkeysfiltered.code.tex
\pgfkeys@tmptoks=\toks26
)) (C:\Users\segur\AppData\Local\Programs\MiKTeX\tex/generic/pgf/utilities\pgffor.code.tex
Loading pgffor.code.tex
(C:\Users\segur\AppData\Local\Programs\MiKTeX\tex/generic/pgf/math\pgfmath.code.tex (C:\Users\segur\AppData\Local\Programs\MiKTeX\tex/generic/pgf/math\pgfmathcalc.code.tex (C:\Users\segur\AppData\Local\Programs\MiKTeX\tex/generic/pgf/math\pgfmathutil.code.tex
\pgf@x=\dimen162
\pgf@xa=\dimen163
\pgf@xb=\dimen164
\pgf@xc=\dimen165
\pgf@y=\dimen166
\pgf@ya=\dimen167
\pgf@yb=\dimen168
\pgf@yc=\dimen169
\c@pgf@counta=\count293
\c@pgf@countb=\count294
\c@pgf@countc=\count295
\c@pgf@countd=\count296
\pgfutil@tempcnta=\count297
\pgfutil@tempcntb=\count298
) (C:\Users\segur\AppData\Local\Programs\MiKTeX\tex/generic/pgf/math\pgfmathparser.code.tex
\pgfmath@dimen=\dimen170
\pgfmath@count=\count299
\pgfmath@box=\box50
\pgfmath@toks=\toks27
\pgfmath@stack@operand=\toks28
\pgfmath@stack@operation=\toks29
) (C:\Users\segur\AppData\Local\Programs\MiKTeX\tex/generic/pgf/math\pgfmathfunctions.code.tex (C:\Users\segur\AppData\Local\Programs\MiKTeX\tex/generic/pgf/math\pgfmathfunctions.basic.code.tex) (C:\Users\segur\AppData\Local\Programs\MiKTeX\tex/generic/pgf/math\pgfmathfunctions.trigonometric.code.tex) (C:\Users\segur\AppData\Local\Programs\MiKTeX\tex/generic/pgf/math\pgfmathfunctions.random.code.tex) (C:\Users\segur\AppData\Local\Programs\MiKTeX\tex/generic/pgf/math\pgfmathfunctions.comparison.code.tex) (C:\Users\segur\AppData\Local\Programs\MiKTeX\tex/generic/pgf/math\pgfmathfunctions.base.code.tex) (C:\Users\segur\AppData\Local\Programs\MiKTeX\tex/generic/pgf/math\pgfmathfunctions.round.code.tex) (C:\Users\segur\AppData\Local\Programs\MiKTeX\tex/generic/pgf/math\pgfmathfunctions.misc.code.tex) (C:\Users\segur\AppData\Local\Programs\MiKTeX\tex/generic/pgf/math\pgfmathfunctions.integerarithmetics.code.tex))) (C:\Users\segur\AppData\Local\Programs\MiKTeX\tex/generic/pgf/math\pgfmathfloat.code.tex
\c@pgfmathroundto@lastzeros=\count300
))
\pgffor@iter=\dimen171
\pgffor@skip=\dimen172
\pgffor@stack=\toks30
\pgffor@toks=\toks31
)
\psLoopIndex=\count301

`PSTricks' v3.13  <2022/01/09> (tvz,hv)
\pst@dima=\dimen173
\pst@dimb=\dimen174
\pst@dimc=\dimen175
\pst@dimd=\dimen176
\pst@dimg=\dimen177
\pst@dimh=\dimen178
\pst@dimm=\dimen179
\pst@dimn=\dimen180
\pst@dimo=\dimen181
\pst@dimp=\dimen182
\pst@hbox=\box51
\pst@ibox=\box52
\pst@boxg=\box53
\pst@cnta=\count302
\pst@cntb=\count303
\pst@cntc=\count304
\pst@cntd=\count305
\pst@cntg=\count306
\pst@cnth=\count307
\pst@cntm=\count308
\pst@cntn=\count309
\pst@cnto=\count310
\pst@cntp=\count311
\@zero=\count312
\pst@toks=\toks32
--- We are running latex or xelatex ---
(C:\Users\segur\AppData\Local\Programs\MiKTeX\tex/generic/pstricks\pstricks.con) (C:\Users\segur\AppData\Local\Programs\MiKTeX\tex/generic/pstricks\pstricks-color.tex)
\psunit=\dimen183
\psxunit=\dimen184
\psyunit=\dimen185
\pst@C@@rType=\count313
\pslinewidth=\dimen186
\psk@startLW=\dimen187
\psk@endLW=\dimen188
 (C:\Users\segur\AppData\Local\Programs\MiKTeX\tex/generic/pstricks\pstricks-arrows.tex
\pshooklength=\dimen189
\pshookwidth=\dimen190
)
\pst@customdefs=\toks33
 (C:\Users\segur\AppData\Local\Programs\MiKTeX\tex/generic/pstricks\pstricks-dots.tex)
\pslinearc=\dimen191
\pst@symbolStep=\dimen192
\pst@symbolWidth=\dimen193
\pst@symbolLinewidth=\dimen194
\everypsbox=\toks34
\psframesep=\dimen195
\pslabelsep=\dimen196
\sh@wgridXunit=\dimen197
\sh@wgridYunit=\dimen198
\pst@shift=\dimen199
\ps@imagectr=\count314
 (C:\Users\segur\AppData\Local\Programs\MiKTeX\tex/generic/pstricks\pstricks.con))
File: pstricks.tex 2022/01/09 v3.13 `PSTricks' (tvz,hv)
 (C:\Users\segur\AppData\Local\Programs\MiKTeX\tex/generic/pstricks\pst-fp.tex `pst-fp' v0.06, 2020/11/20 (hv))
File: pst-fp.tex 2020/11/20 v0.06 `PST-fp' (hv)
)
Package: pst-blur 2005/09/08 package wrapper for pst-blur.tex (hv)
 (C:\Users\segur\AppData\Local\Programs\MiKTeX\tex/generic/pst-blur\pst-blur.tex  v2.0, 2005/09/08)
File: pst-blur.tex 2005/09/08 v2.0 `PST-blur' (hv)
) (C:\Users\segur\AppData\Local\Programs\MiKTeX\tex/latex/bclogo\bclogo.sty
Package: bclogo 2016/01/10 v3.1
 (C:\Users\segur\AppData\Local\Programs\MiKTeX\tex/latex/base\ifthen.sty
Package: ifthen 2020/11/24 v1.1c Standard LaTeX ifthen package (DPC)
) (C:\Users\segur\AppData\Local\Programs\MiKTeX\tex/latex/graphics\graphicx.sty
Package: graphicx 2021/09/16 v1.2d Enhanced LaTeX Graphics (DPC,SPQR)
 (C:\Users\segur\AppData\Local\Programs\MiKTeX\tex/latex/graphics\graphics.sty
Package: graphics 2021/03/04 v1.4d Standard LaTeX Graphics (DPC,SPQR)
 (C:\Users\segur\AppData\Local\Programs\MiKTeX\tex/latex/graphics\trig.sty
Package: trig 2021/08/11 v1.11 sin cos tan (DPC)
) (C:\Users\segur\AppData\Local\Programs\MiKTeX\tex/latex/graphics-cfg\graphics.cfg
File: graphics.cfg 2016/06/04 v1.11 sample graphics configuration
)
Package graphics Info: Driver file: pdftex.def on input line 107.
)
\Gin@req@height=\dimen256
\Gin@req@width=\dimen257
)
\bc@invboxh=\skip50
\bc@invboxd=\skip51
\bc@titleLength=\skip52
\logowidth=\skip53
 (C:\Users\segur\AppData\Local\Programs\MiKTeX\tex/latex/pst-grad\pst-grad.sty
Package: pst-grad 2004/07/15 package wrapper for pst-grad.tex (hv)
 (C:\Users\segur\AppData\Local\Programs\MiKTeX\tex/generic/pst-grad\pst-grad.tex `pst-grad' v1.06, 2006/11/27 (tvz,dg,hv))
File: pst-grad.tex 2006/11/27 1.06 `pst-grad' (tvz)
) (C:\Users\segur\AppData\Local\Programs\MiKTeX\tex/latex/pst-coil\pst-coil.sty
Package: pst-coil 2010/02/01 package wrapper for pst-coil.tex (hv)
 (C:\Users\segur\AppData\Local\Programs\MiKTeX\tex/generic/pst-coil\pst-coil.tex  v1.06, 2006/11/27 (C:\Users\segur\AppData\Local\Programs\MiKTeX\tex/generic/pst-node\pst-node.tex  v1.43, 2022/01/31
\psrow=\count315
\pscol=\count316
\psmatrixcnt=\count317
\psrowsep=\skip54
\pscolsep=\skip55
\pst@args=\count318
\num@pts=\count319
\pst@argcnt=\count320
))
File: pst-coil.tex 2015/05/13 v1.07 `PST-coil' (tvz,hv)
) (C:\Users\segur\AppData\Local\Programs\MiKTeX\tex/latex/mdframed\mdframed.sty
Package: mdframed 2013/07/01 1.9b: mdframed
 (C:\Users\segur\AppData\Local\Programs\MiKTeX\tex/latex/l3packages/xparse\xparse.sty (C:\Users\segur\AppData\Local\Programs\MiKTeX\tex/latex/l3kernel\expl3.sty
Package: expl3 2022-05-04 L3 programming layer (loader) 
 (C:\Users\segur\AppData\Local\Programs\MiKTeX\tex/latex/l3backend\l3backend-pdftex.def
File: l3backend-pdftex.def 2022-04-20 L3 backend support: PDF output (pdfTeX)
\l__color_backend_stack_int=\count321
\l__pdf_internal_box=\box54
))
Package: xparse 2022-01-12 L3 Experimental document command parser
) (C:\Users\segur\AppData\Local\Programs\MiKTeX\tex/latex/etoolbox\etoolbox.sty
Package: etoolbox 2020/10/05 v2.5k e-TeX tools for LaTeX (JAW)
\etb@tempcnta=\count322
) (C:\Users\segur\AppData\Local\Programs\MiKTeX\tex/latex/zref\zref-abspage.sty
Package: zref-abspage 2022-04-07 v2.34 Module abspage for zref (HO)
 (C:\Users\segur\AppData\Local\Programs\MiKTeX\tex/latex/zref\zref-base.sty
Package: zref-base 2022-04-07 v2.34 Module base for zref (HO)
Package zref Info: New property list: main on input line 767.
Package zref Info: New property: default on input line 768.
Package zref Info: New property: page on input line 769.
)
\c@abspage=\count323
Package zref Info: New property: abspage on input line 65.
) (C:\Users\segur\AppData\Local\Programs\MiKTeX\tex/latex/needspace\needspace.sty
Package: needspace 2010/09/12 v1.3d reserve vertical space
)
\mdf@templength=\skip56
\c@mdf@globalstyle@cnt=\count324
\mdf@skipabove@length=\skip57
\mdf@skipbelow@length=\skip58
\mdf@leftmargin@length=\skip59
\mdf@rightmargin@length=\skip60
\mdf@innerleftmargin@length=\skip61
\mdf@innerrightmargin@length=\skip62
\mdf@innertopmargin@length=\skip63
\mdf@innerbottommargin@length=\skip64
\mdf@splittopskip@length=\skip65
\mdf@splitbottomskip@length=\skip66
\mdf@outermargin@length=\skip67
\mdf@innermargin@length=\skip68
\mdf@linewidth@length=\skip69
\mdf@innerlinewidth@length=\skip70
\mdf@middlelinewidth@length=\skip71
\mdf@outerlinewidth@length=\skip72
\mdf@roundcorner@length=\skip73
\mdf@footenotedistance@length=\skip74
\mdf@userdefinedwidth@length=\skip75
\mdf@needspace@length=\skip76
\mdf@frametitleaboveskip@length=\skip77
\mdf@frametitlebelowskip@length=\skip78
\mdf@frametitlerulewidth@length=\skip79
\mdf@frametitleleftmargin@length=\skip80
\mdf@frametitlerightmargin@length=\skip81
\mdf@shadowsize@length=\skip82
\mdf@extratopheight@length=\skip83
\mdf@subtitleabovelinewidth@length=\skip84
\mdf@subtitlebelowlinewidth@length=\skip85
\mdf@subtitleaboveskip@length=\skip86
\mdf@subtitlebelowskip@length=\skip87
\mdf@subtitleinneraboveskip@length=\skip88
\mdf@subtitleinnerbelowskip@length=\skip89
\mdf@subsubtitleabovelinewidth@length=\skip90
\mdf@subsubtitlebelowlinewidth@length=\skip91
\mdf@subsubtitleaboveskip@length=\skip92
\mdf@subsubtitlebelowskip@length=\skip93
\mdf@subsubtitleinneraboveskip@length=\skip94
\mdf@subsubtitleinnerbelowskip@length=\skip95
 (C:\Users\segur\AppData\Local\Programs\MiKTeX\tex/latex/pst-node\pst-node.sty
Package: pst-node 2012/09/18 v1.01 LaTeX wrapper for `pst-node' (HV)
Package: pst-node 2010/04/22 package wrapper for pst-node.tex
 (C:\Users\segur\AppData\Local\Programs\MiKTeX\tex/generic/pst-node\pst-node.tex)
File: pst-node.tex 2015/05/13 1.07 `pst-node' (tvz,hv)
) (C:\Users\segur\AppData\Local\Programs\MiKTeX\tex/latex/mdframed\md-frame-2.mdf
File: md-frame-2.mdf 2013/07/01\ 1.9b: md-frame-2
)
\mdf@frametitlebox=\box55
\mdf@footnotebox=\box56
\mdf@splitbox@one=\box57
\mdf@splitbox@two=\box58
\mdf@splitbox@save=\box59
\mdfsplitboxwidth=\skip96
\mdfsplitboxtotalwidth=\skip97
\mdfsplitboxheight=\skip98
\mdfsplitboxdepth=\skip99
\mdfsplitboxtotalheight=\skip100
\mdfframetitleboxwidth=\skip101
\mdfframetitleboxtotalwidth=\skip102
\mdfframetitleboxheight=\skip103
\mdfframetitleboxdepth=\skip104
\mdfframetitleboxtotalheight=\skip105
\mdffootnoteboxwidth=\skip106
\mdffootnoteboxtotalwidth=\skip107
\mdffootnoteboxheight=\skip108
\mdffootnoteboxdepth=\skip109
\mdffootnoteboxtotalheight=\skip110
\mdftotallinewidth=\skip111
\mdfboundingboxwidth=\skip112
\mdfboundingboxtotalwidth=\skip113
\mdfboundingboxheight=\skip114
\mdfboundingboxdepth=\skip115
\mdfboundingboxtotalheight=\skip116
\mdf@freevspace@length=\skip117
\mdf@horizontalwidthofbox@length=\skip118
\mdf@verticalmarginwhole@length=\skip119
\mdf@horizontalspaceofbox=\skip120
\mdfsubtitleheight=\skip121
\mdfsubsubtitleheight=\skip122
\c@mdfcountframes=\count325

****** mdframed patching \endmdf@trivlist

****** -- success******

\mdf@envdepth=\count326
\c@mdf@env@i=\count327
\c@mdf@env@ii=\count328
\c@mdf@zref@counter=\count329
Package zref Info: New property: mdf@pagevalue on input line 895.
) (C:\Users\segur\AppData\Local\Programs\MiKTeX\tex/generic/iftex\ifpdf.sty
Package: ifpdf 2019/10/25 v3.4 ifpdf legacy package. Use iftex instead.
)
\c@bclogocompteur=\count330
\bcval@epBarre=\skip123
\bcval@framesep=\skip124
\bcval@tailleOndu=\skip125
\bcval@borderWidth=\skip126
\bcval@margeG=\skip127
\bcval@margeD=\skip128
\bc@envbox=\box60
) (C:\Users\segur\AppData\Local\Programs\MiKTeX\tex/latex/amsmath\amsmath.sty
Package: amsmath 2021/10/15 v2.17l AMS math features
\@mathmargin=\skip129

For additional information on amsmath, use the `?' option.
(C:\Users\segur\AppData\Local\Programs\MiKTeX\tex/latex/amsmath\amstext.sty
Package: amstext 2021/08/26 v2.01 AMS text
 (C:\Users\segur\AppData\Local\Programs\MiKTeX\tex/latex/amsmath\amsgen.sty
File: amsgen.sty 1999/11/30 v2.0 generic functions
\@emptytoks=\toks35
\ex@=\dimen258
)) (C:\Users\segur\AppData\Local\Programs\MiKTeX\tex/latex/amsmath\amsbsy.sty
Package: amsbsy 1999/11/29 v1.2d Bold Symbols
\pmbraise@=\dimen259
) (C:\Users\segur\AppData\Local\Programs\MiKTeX\tex/latex/amsmath\amsopn.sty
Package: amsopn 2021/08/26 v2.02 operator names
)
\inf@bad=\count331
LaTeX Info: Redefining \frac on input line 234.
\uproot@=\count332
\leftroot@=\count333
LaTeX Info: Redefining \overline on input line 399.
\classnum@=\count334
\DOTSCASE@=\count335
LaTeX Info: Redefining \ldots on input line 496.
LaTeX Info: Redefining \dots on input line 499.
LaTeX Info: Redefining \cdots on input line 620.
\Mathstrutbox@=\box61
\strutbox@=\box62
\big@size=\dimen260
LaTeX Font Info:    Redeclaring font encoding OML on input line 743.
LaTeX Font Info:    Redeclaring font encoding OMS on input line 744.
\macc@depth=\count336
\c@MaxMatrixCols=\count337
\dotsspace@=\muskip17
\c@parentequation=\count338
\dspbrk@lvl=\count339
\tag@help=\toks36
\row@=\count340
\column@=\count341
\maxfields@=\count342
\andhelp@=\toks37
\eqnshift@=\dimen261
\alignsep@=\dimen262
\tagshift@=\dimen263
\tagwidth@=\dimen264
\totwidth@=\dimen265
\lineht@=\dimen266
\@envbody=\toks38
\multlinegap=\skip130
\multlinetaggap=\skip131
\mathdisplay@stack=\toks39
LaTeX Info: Redefining \[ on input line 2938.
LaTeX Info: Redefining \] on input line 2939.
) (C:\Users\segur\AppData\Local\Programs\MiKTeX\tex/latex/amsfonts\amsfonts.sty
Package: amsfonts 2013/01/14 v3.01 Basic AMSFonts support
\symAMSa=\mathgroup4
\symAMSb=\mathgroup5
LaTeX Font Info:    Redeclaring math symbol \hbar on input line 98.
LaTeX Font Info:    Overwriting math alphabet `\mathfrak' in version `bold'
(Font)                  U/euf/m/n --> U/euf/b/n on input line 106.
) (C:\Users\segur\AppData\Local\Programs\MiKTeX\tex/latex/amsfonts\amssymb.sty
Package: amssymb 2013/01/14 v3.01 AMS font symbols
) (C:\Users\segur\AppData\Local\Programs\MiKTeX\tex/latex/fancyhdr\fancyhdr.sty
Package: fancyhdr 2022/05/18 v4.0.3 Extensive control of page headers and footers
\f@nch@headwidth=\skip132
\f@nch@O@elh=\skip133
\f@nch@O@erh=\skip134
\f@nch@O@olh=\skip135
\f@nch@O@orh=\skip136
\f@nch@O@elf=\skip137
\f@nch@O@erf=\skip138
\f@nch@O@olf=\skip139
\f@nch@O@orf=\skip140
) (C:\Users\segur\AppData\Local\Programs\MiKTeX\tex/latex/jknappen\mathrsfs.sty
Package: mathrsfs 1996/01/01 Math RSFS package v1.0 (jk)
\symrsfs=\mathgroup6
) (C:\Users\segur\AppData\Local\Programs\MiKTeX\tex/latex/pgf/frontendlayer\tikz.sty (C:\Users\segur\AppData\Local\Programs\MiKTeX\tex/latex/pgf/basiclayer\pgf.sty (C:\Users\segur\AppData\Local\Programs\MiKTeX\tex/latex/pgf/utilities\pgfrcs.sty (C:\Users\segur\AppData\Local\Programs\MiKTeX\tex/generic/pgf/utilities\pgfutil-common.tex
\pgfutil@everybye=\toks40
\pgfutil@tempdima=\dimen267
\pgfutil@tempdimb=\dimen268
 (C:\Users\segur\AppData\Local\Programs\MiKTeX\tex/generic/pgf/utilities\pgfutil-common-lists.tex)) (C:\Users\segur\AppData\Local\Programs\MiKTeX\tex/generic/pgf/utilities\pgfutil-latex.def
\pgfutil@abb=\box63
) (C:\Users\segur\AppData\Local\Programs\MiKTeX\tex/generic/pgf/utilities\pgfrcs.code.tex (C:\Users\segur\AppData\Local\Programs\MiKTeX\tex/generic/pgf\pgf.revision.tex)
Package: pgfrcs 2021/05/15 v3.1.9a (3.1.9a)
))
Package: pgf 2021/05/15 v3.1.9a (3.1.9a)
 (C:\Users\segur\AppData\Local\Programs\MiKTeX\tex/latex/pgf/basiclayer\pgfcore.sty (C:\Users\segur\AppData\Local\Programs\MiKTeX\tex/latex/pgf/systemlayer\pgfsys.sty (C:\Users\segur\AppData\Local\Programs\MiKTeX\tex/generic/pgf/systemlayer\pgfsys.code.tex
Package: pgfsys 2021/05/15 v3.1.9a (3.1.9a)
 (C:\Users\segur\AppData\Local\Programs\MiKTeX\tex/generic/pgf/utilities\pgfkeys.code.tex)
\pgf@x=\dimen269
\pgf@y=\dimen270
\pgf@xa=\dimen271
\pgf@ya=\dimen272
\pgf@xb=\dimen273
\pgf@yb=\dimen274
\pgf@xc=\dimen275
\pgf@yc=\dimen276
\pgf@xd=\dimen277
\pgf@yd=\dimen278
\w@pgf@writea=\write3
\r@pgf@reada=\read3
\c@pgf@counta=\count343
\c@pgf@countb=\count344
\c@pgf@countc=\count345
\c@pgf@countd=\count346
\t@pgf@toka=\toks41
\t@pgf@tokb=\toks42
\t@pgf@tokc=\toks43
\pgf@sys@id@count=\count347
 (C:\Users\segur\AppData\Local\Programs\MiKTeX\tex/generic/pgf/systemlayer\pgf.cfg
File: pgf.cfg 2021/05/15 v3.1.9a (3.1.9a)
)
Driver file for pgf: pgfsys-pdftex.def
 (C:\Users\segur\AppData\Local\Programs\MiKTeX\tex/generic/pgf/systemlayer\pgfsys-pdftex.def
File: pgfsys-pdftex.def 2021/05/15 v3.1.9a (3.1.9a)
 (C:\Users\segur\AppData\Local\Programs\MiKTeX\tex/generic/pgf/systemlayer\pgfsys-common-pdf.def
File: pgfsys-common-pdf.def 2021/05/15 v3.1.9a (3.1.9a)
))) (C:\Users\segur\AppData\Local\Programs\MiKTeX\tex/generic/pgf/systemlayer\pgfsyssoftpath.code.tex
File: pgfsyssoftpath.code.tex 2021/05/15 v3.1.9a (3.1.9a)
\pgfsyssoftpath@smallbuffer@items=\count348
\pgfsyssoftpath@bigbuffer@items=\count349
) (C:\Users\segur\AppData\Local\Programs\MiKTeX\tex/generic/pgf/systemlayer\pgfsysprotocol.code.tex
File: pgfsysprotocol.code.tex 2021/05/15 v3.1.9a (3.1.9a)
)) (C:\Users\segur\AppData\Local\Programs\MiKTeX\tex/generic/pgf/basiclayer\pgfcore.code.tex
Package: pgfcore 2021/05/15 v3.1.9a (3.1.9a)
 (C:\Users\segur\AppData\Local\Programs\MiKTeX\tex/generic/pgf/math\pgfmath.code.tex) (C:\Users\segur\AppData\Local\Programs\MiKTeX\tex/generic/pgf/math\pgfint.code.tex) (C:\Users\segur\AppData\Local\Programs\MiKTeX\tex/generic/pgf/basiclayer\pgfcorepoints.code.tex
File: pgfcorepoints.code.tex 2021/05/15 v3.1.9a (3.1.9a)
\pgf@picminx=\dimen279
\pgf@picmaxx=\dimen280
\pgf@picminy=\dimen281
\pgf@picmaxy=\dimen282
\pgf@pathminx=\dimen283
\pgf@pathmaxx=\dimen284
\pgf@pathminy=\dimen285
\pgf@pathmaxy=\dimen286
\pgf@xx=\dimen287
\pgf@xy=\dimen288
\pgf@yx=\dimen289
\pgf@yy=\dimen290
\pgf@zx=\dimen291
\pgf@zy=\dimen292
) (C:\Users\segur\AppData\Local\Programs\MiKTeX\tex/generic/pgf/basiclayer\pgfcorepathconstruct.code.tex
File: pgfcorepathconstruct.code.tex 2021/05/15 v3.1.9a (3.1.9a)
\pgf@path@lastx=\dimen293
\pgf@path@lasty=\dimen294
) (C:\Users\segur\AppData\Local\Programs\MiKTeX\tex/generic/pgf/basiclayer\pgfcorepathusage.code.tex
File: pgfcorepathusage.code.tex 2021/05/15 v3.1.9a (3.1.9a)
\pgf@shorten@end@additional=\dimen295
\pgf@shorten@start@additional=\dimen296
) (C:\Users\segur\AppData\Local\Programs\MiKTeX\tex/generic/pgf/basiclayer\pgfcorescopes.code.tex
File: pgfcorescopes.code.tex 2021/05/15 v3.1.9a (3.1.9a)
\pgfpic=\box64
\pgf@hbox=\box65
\pgf@layerbox@main=\box66
\pgf@picture@serial@count=\count350
) (C:\Users\segur\AppData\Local\Programs\MiKTeX\tex/generic/pgf/basiclayer\pgfcoregraphicstate.code.tex
File: pgfcoregraphicstate.code.tex 2021/05/15 v3.1.9a (3.1.9a)
\pgflinewidth=\dimen297
) (C:\Users\segur\AppData\Local\Programs\MiKTeX\tex/generic/pgf/basiclayer\pgfcoretransformations.code.tex
File: pgfcoretransformations.code.tex 2021/05/15 v3.1.9a (3.1.9a)
\pgf@pt@x=\dimen298
\pgf@pt@y=\dimen299
\pgf@pt@temp=\dimen300
) (C:\Users\segur\AppData\Local\Programs\MiKTeX\tex/generic/pgf/basiclayer\pgfcorequick.code.tex
File: pgfcorequick.code.tex 2021/05/15 v3.1.9a (3.1.9a)
) (C:\Users\segur\AppData\Local\Programs\MiKTeX\tex/generic/pgf/basiclayer\pgfcoreobjects.code.tex
File: pgfcoreobjects.code.tex 2021/05/15 v3.1.9a (3.1.9a)
) (C:\Users\segur\AppData\Local\Programs\MiKTeX\tex/generic/pgf/basiclayer\pgfcorepathprocessing.code.tex
File: pgfcorepathprocessing.code.tex 2021/05/15 v3.1.9a (3.1.9a)
) (C:\Users\segur\AppData\Local\Programs\MiKTeX\tex/generic/pgf/basiclayer\pgfcorearrows.code.tex
File: pgfcorearrows.code.tex 2021/05/15 v3.1.9a (3.1.9a)
\pgfarrowsep=\dimen301
) (C:\Users\segur\AppData\Local\Programs\MiKTeX\tex/generic/pgf/basiclayer\pgfcoreshade.code.tex
File: pgfcoreshade.code.tex 2021/05/15 v3.1.9a (3.1.9a)
\pgf@max=\dimen302
\pgf@sys@shading@range@num=\count351
\pgf@shadingcount=\count352
) (C:\Users\segur\AppData\Local\Programs\MiKTeX\tex/generic/pgf/basiclayer\pgfcoreimage.code.tex
File: pgfcoreimage.code.tex 2021/05/15 v3.1.9a (3.1.9a)
 (C:\Users\segur\AppData\Local\Programs\MiKTeX\tex/generic/pgf/basiclayer\pgfcoreexternal.code.tex
File: pgfcoreexternal.code.tex 2021/05/15 v3.1.9a (3.1.9a)
\pgfexternal@startupbox=\box67
)) (C:\Users\segur\AppData\Local\Programs\MiKTeX\tex/generic/pgf/basiclayer\pgfcorelayers.code.tex
File: pgfcorelayers.code.tex 2021/05/15 v3.1.9a (3.1.9a)
) (C:\Users\segur\AppData\Local\Programs\MiKTeX\tex/generic/pgf/basiclayer\pgfcoretransparency.code.tex
File: pgfcoretransparency.code.tex 2021/05/15 v3.1.9a (3.1.9a)
) (C:\Users\segur\AppData\Local\Programs\MiKTeX\tex/generic/pgf/basiclayer\pgfcorepatterns.code.tex
File: pgfcorepatterns.code.tex 2021/05/15 v3.1.9a (3.1.9a)
) (C:\Users\segur\AppData\Local\Programs\MiKTeX\tex/generic/pgf/basiclayer\pgfcorerdf.code.tex
File: pgfcorerdf.code.tex 2021/05/15 v3.1.9a (3.1.9a)
))) (C:\Users\segur\AppData\Local\Programs\MiKTeX\tex/generic/pgf/modules\pgfmoduleshapes.code.tex
File: pgfmoduleshapes.code.tex 2021/05/15 v3.1.9a (3.1.9a)
\pgfnodeparttextbox=\box68
) (C:\Users\segur\AppData\Local\Programs\MiKTeX\tex/generic/pgf/modules\pgfmoduleplot.code.tex
File: pgfmoduleplot.code.tex 2021/05/15 v3.1.9a (3.1.9a)
) (C:\Users\segur\AppData\Local\Programs\MiKTeX\tex/latex/pgf/compatibility\pgfcomp-version-0-65.sty
Package: pgfcomp-version-0-65 2021/05/15 v3.1.9a (3.1.9a)
\pgf@nodesepstart=\dimen303
\pgf@nodesepend=\dimen304
) (C:\Users\segur\AppData\Local\Programs\MiKTeX\tex/latex/pgf/compatibility\pgfcomp-version-1-18.sty
Package: pgfcomp-version-1-18 2021/05/15 v3.1.9a (3.1.9a)
)) (C:\Users\segur\AppData\Local\Programs\MiKTeX\tex/latex/pgf/utilities\pgffor.sty (C:\Users\segur\AppData\Local\Programs\MiKTeX\tex/latex/pgf/utilities\pgfkeys.sty (C:\Users\segur\AppData\Local\Programs\MiKTeX\tex/generic/pgf/utilities\pgfkeys.code.tex)) (C:\Users\segur\AppData\Local\Programs\MiKTeX\tex/latex/pgf/math\pgfmath.sty (C:\Users\segur\AppData\Local\Programs\MiKTeX\tex/generic/pgf/math\pgfmath.code.tex)) (C:\Users\segur\AppData\Local\Programs\MiKTeX\tex/generic/pgf/utilities\pgffor.code.tex
Package: pgffor 2021/05/15 v3.1.9a (3.1.9a)
 (C:\Users\segur\AppData\Local\Programs\MiKTeX\tex/generic/pgf/math\pgfmath.code.tex)
\pgffor@iter=\dimen305
\pgffor@skip=\dimen306
\pgffor@stack=\toks44
\pgffor@toks=\toks45
)) (C:\Users\segur\AppData\Local\Programs\MiKTeX\tex/generic/pgf/frontendlayer/tikz\tikz.code.tex
Package: tikz 2021/05/15 v3.1.9a (3.1.9a)
 (C:\Users\segur\AppData\Local\Programs\MiKTeX\tex/generic/pgf/libraries\pgflibraryplothandlers.code.tex
File: pgflibraryplothandlers.code.tex 2021/05/15 v3.1.9a (3.1.9a)
\pgf@plot@mark@count=\count353
\pgfplotmarksize=\dimen307
)
\tikz@lastx=\dimen308
\tikz@lasty=\dimen309
\tikz@lastxsaved=\dimen310
\tikz@lastysaved=\dimen311
\tikz@lastmovetox=\dimen312
\tikz@lastmovetoy=\dimen313
\tikzleveldistance=\dimen314
\tikzsiblingdistance=\dimen315
\tikz@figbox=\box69
\tikz@figbox@bg=\box70
\tikz@tempbox=\box71
\tikz@tempbox@bg=\box72
\tikztreelevel=\count354
\tikznumberofchildren=\count355
\tikznumberofcurrentchild=\count356
\tikz@fig@count=\count357
 (C:\Users\segur\AppData\Local\Programs\MiKTeX\tex/generic/pgf/modules\pgfmodulematrix.code.tex
File: pgfmodulematrix.code.tex 2021/05/15 v3.1.9a (3.1.9a)
\pgfmatrixcurrentrow=\count358
\pgfmatrixcurrentcolumn=\count359
\pgf@matrix@numberofcolumns=\count360
)
\tikz@expandcount=\count361
 (C:\Users\segur\AppData\Local\Programs\MiKTeX\tex/generic/pgf/frontendlayer/tikz/libraries\tikzlibrarytopaths.code.tex
File: tikzlibrarytopaths.code.tex 2021/05/15 v3.1.9a (3.1.9a)
))) (C:\Users\segur\AppData\Local\Programs\MiKTeX\tex/latex/tkz-tab\tkz-tab.sty
Package: tkz-tab 2020/04/29 v2.12c variations (ctan version)
 (C:\Users\segur\AppData\Local\Programs\MiKTeX\tex/generic/pgf/frontendlayer/tikz/libraries\tikzlibraryarrows.code.tex
File: tikzlibraryarrows.code.tex 2021/05/15 v3.1.9a (3.1.9a)
 (C:\Users\segur\AppData\Local\Programs\MiKTeX\tex/generic/pgf/libraries\pgflibraryarrows.code.tex
File: pgflibraryarrows.code.tex 2021/05/15 v3.1.9a (3.1.9a)
\arrowsize=\dimen316
)) (C:\Users\segur\AppData\Local\Programs\MiKTeX\tex/generic/pgf/frontendlayer/tikz/libraries\tikzlibrarypatterns.code.tex
File: tikzlibrarypatterns.code.tex 2021/05/15 v3.1.9a (3.1.9a)
 (C:\Users\segur\AppData\Local\Programs\MiKTeX\tex/generic/pgf/libraries\pgflibrarypatterns.code.tex
File: pgflibrarypatterns.code.tex 2021/05/15 v3.1.9a (3.1.9a)
))
\tkz@XF=\dimen317
\tkz@YF=\dimen318
\c@tkz@cnt@line=\count362
\c@tkz@cnt@lg=\count363
\c@tkz@cnt@cl=\count364
\c@tkz@cnt@pred=\count365
\c@tkz@cnt@temp=\count366
\c@tkz@cnt@arrow=\count367
\c@tkz@cnt@zone=\count368
\c@tkz@cnt@lgnext=\count369
\c@tkz@cnt@clnext=\count370
\c@tkz@cnt@pair=\count371
\c@tkz@cnt@impair=\count372
\c@tkz@cnt@aw=\count373
) (C:\Users\segur\AppData\Local\Programs\MiKTeX\tex/latex/float\float.sty
Package: float 2001/11/08 v1.3d Float enhancements (AL)
\c@float@type=\count374
\float@exts=\toks46
\float@box=\box73
\@float@everytoks=\toks47
\@floatcapt=\box74
) (C:\Users\segur\AppData\Local\Programs\MiKTeX\tex/latex/base\makeidx.sty
Package: makeidx 2021/10/04 v1.0m Standard LaTeX package
) (C:\Users\segur\AppData\Local\Programs\MiKTeX\tex/latex/auto-pst-pdf\auto-pst-pdf.sty
Package: auto-pst-pdf 2020/10/08 v0.7 Wrapper for pst-pdf
 (C:\Users\segur\AppData\Local\Programs\MiKTeX\tex/latex/ifplatform\ifplatform.sty
Package: ifplatform 2017/10/13 v0.4a Testing for the operating system
 (C:\Users\segur\AppData\Local\Programs\MiKTeX\tex/latex/tools\shellesc.sty
Package: shellesc 2019/11/08 v1.0c unified shell escape interface for LaTeX
Package shellesc Info: Restricted shell escape enabled on input line 77.
) (C:\Users\segur\AppData\Local\Programs\MiKTeX\tex/generic/catchfile\catchfile.sty
Package: catchfile 2019/12/09 v1.8 Catch the contents of a file (HO)
) (C:\Users\segur\AppData\Local\Programs\MiKTeX\tex/generic/iftex\ifluatex.sty
Package: ifluatex 2019/10/25 v1.5 ifluatex legacy package. Use iftex instead.
)

Package ifplatform Warning: 
    shell escape is disabled, so I can only detect \ifwindows.

)
\c@app@runs=\count375


C:\Users\segur\AppData\Local\Programs\MiKTeX\tex/latex/auto-pst-pdf\auto-pst-pdf.sty:138: Package auto-pst-pdf Error: 
    "shell escape" (or "write18") is not enabled:
    auto-pst-pdf will not work!
.

See the auto-pst-pdf package documentation for explanation.
Type  H <return>  for immediate help.
 ...                                              
                                                  
l.138         Or turn off auto-pst-pdf.}
                                        %
You need to run LaTeX with the equivalent of "pdflatex -shell-escape"
    Or turn off auto-pst-pdf.

(C:\Users\segur\AppData\Local\Programs\MiKTeX\tex/latex/pst-pdf\pst-pdf.sty
Package: pst-pdf 2020/10/10 v1.2f PS graphics for pdfLaTeX (RN,HjG)
 (C:\Users\segur\AppData\Local\Programs\MiKTeX\tex/generic/iftex\ifxetex.sty
Package: ifxetex 2019/10/25 v0.7 ifxetex legacy package. Use iftex instead.
) (C:\Users\segur\AppData\Local\Programs\MiKTeX\tex/latex/luatex85\luatex85.sty
Package: luatex85 2016/06/15 v1.4 pdftex aliases for luatex
)
\c@pspicture=\count376
Package pst-pdf Info: MODE: 1 (pdfTeX mode) on input line 213.
\ppf@output=\toks48
 (C:\Users\segur\AppData\Local\Programs\MiKTeX\tex/latex/preview\preview.sty
Package: preview 2017/04/24 13.1 (AUCTeX/preview-latex)
\pr@snippet=\count377
\pr@box=\box75
\pr@output=\toks49
) (C:\Users\segur\AppData\Local\Programs\MiKTeX\tex/latex/environ\environ.sty
Package: environ 2014/05/04 v0.3 A new way to define environments
 (C:\Users\segur\AppData\Local\Programs\MiKTeX\tex/latex/trimspaces\trimspaces.sty
Package: trimspaces 2009/09/17 v1.1 Trim spaces around a token list
)))) (C:\Users\segur\AppData\Local\Programs\MiKTeX\tex/latex/pstricks-add\pstricks-add.sty (C:\Users\segur\AppData\Local\Programs\MiKTeX\tex/latex/pst-plot\pst-plot.sty
Package: pst-plot 2011/06/05 v1.00 LaTeX wrapper for `pst-plot' (HV)
 (C:\Users\segur\AppData\Local\Programs\MiKTeX\tex/latex/xkeyval\pst-xkey.sty
Package: pst-xkey 2005/11/25 v1.6 package wrapper for pst-xkey.tex (HA)
) (C:\Users\segur\AppData\Local\Programs\MiKTeX\tex/latex/multido\multido.sty
Package: multido 2004/05/17 package wrapper for PSTricks `multido.tex', (HV/RN)
 (C:\Users\segur\AppData\Local\Programs\MiKTeX\tex/generic/multido\multido.tex  v1.42, 2010/05/14 <tvz>
\multido@count=\count378
\multidocount=\count379
\multido@stuff=\toks50
)
File: multido.tex 2010/05/14 v1.42 `multido' (tvz,hv)
)
Package: pst-plot 2021/09/23 package wrapper for pst-plot.tex (hv)
 (C:\Users\segur\AppData\Local\Programs\MiKTeX\tex/generic/pst-plot\pst-plot.tex (C:\Users\segur\AppData\Local\Programs\MiKTeX\tex/generic/pst-tools\pst-tools.tex `PST-tools' v0.12, 2021/09/23 (hv)
\randomi=\count380
\ranval=\count381
) (C:\Users\segur\AppData\Local\Programs\MiKTeX\tex/generic/pstricks-add\pstricks-add.tex (C:\Users\segur\AppData\Local\Programs\MiKTeX\tex/generic/pst-arrow\pst-arrow.tex `pst-arrow' v0.05, 2021/11/16 (dr,hv)) (C:\Users\segur\AppData\Local\Programs\MiKTeX\tex/generic/pst-3d\pst-3d.tex `PST-3d' v1.11, 2010/02/14 (tvz)) (C:\Users\segur\AppData\Local\Programs\MiKTeX\tex/generic/pst-math\pst-math.tex `pst-math' v0.64 , (CJ,hv)) `pstricks-add' v3.91, 2021/09/25 (dr,hv)
\psparallelogramsep=\dimen319
\pst@cntC=\count382
\pst@stepcount=\count383
\chart@ColorIndex=\dimen320
\chart@ColorStep=\dimen321
\pst@chartHeight=\dimen322
\pst@chartStackDepth=\dimen323
\pst@chartStackWidth=\dimen324
\chart@Toggle=\count384
\psVectorCtr=\count385
)  v1.93, 2021/09/23 (tvz,hv)
\pstRadUnit=\dimen325
\pstRadUnitInv=\dimen326
\pst@linecnt=\count386
\RCD@file=\read4
\psxlabelsep=\dimen327
\psylabelsep=\dimen328
\psk@subticksize=\dimen329
\pst@xticksizeA=\dimen330
\pst@xticksizeB=\dimen331
\pst@xticksizeC=\dimen332
\pst@yticksizeA=\dimen333
\pst@yticksizeB=\dimen334
\pst@yticksizeC=\dimen335
\@digitcounter=\count387
\psk@llx=\dimen336
\psk@lly=\dimen337
\psk@urx=\dimen338
\psk@ury=\dimen339
\pst@xunit=\dimen340
\pst@yunit=\dimen341
)
File: pst-plot.tex 2021/09/23 1.93 `pst-plot' (tvz,hv)
) (C:\Users\segur\AppData\Local\Programs\MiKTeX\tex/latex/pst-3d\pst-3d.sty
Package: pst-3d 2009/07/28 package wrapper for pst-3d.tex (hv)
 (C:\Users\segur\AppData\Local\Programs\MiKTeX\tex/generic/pst-3d\pst-3d.tex)
File: pst-3d.tex 2021/09/23 v1.93 `PST-3d' (hv)
) (C:\Users\segur\AppData\Local\Programs\MiKTeX\tex/latex/pst-math\pst-math.sty
Package: pst-math 2018/12/16 v 0.65 package wrapper for PSTricks pst-math.tex
 (C:\Users\segur\AppData\Local\Programs\MiKTeX\tex/latex/pst-calculate\pst-calculate.sty
Package: pst-calculate 2019/01/24 v. 0.02(Herbert Voss) Support for caculations with floating point numbers.
 (C:\Users\segur\AppData\Local\Programs\MiKTeX\tex/latex/siunitx\siunitx.sty
Package: siunitx 2022-05-03 v3.1.1 A comprehensive (SI) units package
\l__siunitx_angle_tmp_dim=\dimen342
\l__siunitx_angle_marker_box=\box76
\l__siunitx_angle_unit_box=\box77
\l__siunitx_compound_count_int=\count388
 (C:\Users\segur\AppData\Local\Programs\MiKTeX\tex/latex/translations\translations.sty
Package: translations 2022/02/05 v1.12 internationalization of LaTeX2e packages (CN)
)
\l__siunitx_number_exponent_fixed_int=\count389
\l__siunitx_number_min_decimal_int=\count390
\l__siunitx_number_min_integer_int=\count391
\l__siunitx_number_round_precision_int=\count392
\l__siunitx_number_group_first_int=\count393
\l__siunitx_number_group_size_int=\count394
\l__siunitx_number_group_minimum_int=\count395
\l__siunitx_table_tmp_box=\box78
\l__siunitx_table_tmp_dim=\dimen343
\l__siunitx_table_column_width_dim=\dimen344
\l__siunitx_table_integer_box=\box79
\l__siunitx_table_decimal_box=\box80
\l__siunitx_table_before_box=\box81
\l__siunitx_table_after_box=\box82
\l__siunitx_table_before_dim=\dimen345
\l__siunitx_table_carry_dim=\dimen346
\l__siunitx_unit_tmp_int=\count396
\l__siunitx_unit_position_int=\count397
\l__siunitx_unit_total_int=\count398
 (C:\Users\segur\AppData\Local\Programs\MiKTeX\tex/latex/l3packages/l3keys2e\l3keys2e.sty
Package: l3keys2e 2022-01-12 LaTeX2e option processing using LaTeX3 keys
) (C:\Users\segur\AppData\Local\Programs\MiKTeX\tex/latex/tools\array.sty
Package: array 2021/10/04 v2.5f Tabular extension package (FMi)
\col@sep=\dimen347
\ar@mcellbox=\box83
\extrarowheight=\dimen348
\NC@list=\toks51
\extratabsurround=\skip141
\backup@length=\skip142
\ar@cellbox=\box84
))) (C:\Users\segur\AppData\Local\Programs\MiKTeX\tex/latex/xstring\xstring.sty (C:\Users\segur\AppData\Local\Programs\MiKTeX\tex/generic/xstring\xstring.tex
\integerpart=\count399
\decimalpart=\count400
)
Package: xstring 2021/07/21 v1.84 String manipulations (CT)
) (C:\Users\segur\AppData\Local\Programs\MiKTeX\tex/generic/pst-math\pst-math.tex)
File: pst-math.tex 2021/09/23 v1.93 `PST-math' (hv)
\c@Rand@No=\count401
\c@Random@Left=\count402
\c@Random@Right=\count403
\c@Random@No@max=\count404
)
Package: pstricks-add 2021/09/10 v. 0.17 package wrapper for pstricks-add.tex (hv)
 (C:\Users\segur\AppData\Local\Programs\MiKTeX\tex/generic/pstricks-add\pstricks-add.tex)
File: pstricks-add.tex 2021/09/23 v1.93 `PSTricks-add' (hv)
) (main.aux)
\openout1 = `main.aux'.

LaTeX Font Info:    Checking defaults for OML/cmm/m/it on input line 40.
LaTeX Font Info:    ... okay on input line 40.
LaTeX Font Info:    Checking defaults for OMS/cmsy/m/n on input line 40.
LaTeX Font Info:    ... okay on input line 40.
LaTeX Font Info:    Checking defaults for OT1/cmr/m/n on input line 40.
LaTeX Font Info:    ... okay on input line 40.
LaTeX Font Info:    Checking defaults for T1/cmr/m/n on input line 40.
LaTeX Font Info:    ... okay on input line 40.
LaTeX Font Info:    Checking defaults for TS1/cmr/m/n on input line 40.
LaTeX Font Info:    ... okay on input line 40.
LaTeX Font Info:    Checking defaults for OMX/cmex/m/n on input line 40.
LaTeX Font Info:    ... okay on input line 40.
LaTeX Font Info:    Checking defaults for U/cmr/m/n on input line 40.
LaTeX Font Info:    ... okay on input line 40.
LaTeX Font Info:    Checking defaults for PD1/pdf/m/n on input line 40.
LaTeX Font Info:    ... okay on input line 40.
LaTeX Font Info:    Checking defaults for PU/pdf/m/n on input line 40.
LaTeX Font Info:    ... okay on input line 40.

*geometry* driver: auto-detecting
*geometry* detected driver: pdftex
*geometry* verbose mode - [ preamble ] result:
* driver: pdftex
* paper: a4paper
* layout: <same size as paper>
* layoutoffset:(h,v)=(0.0pt,0.0pt)
* modes: twoside 
* h-part:(L,W,R)=(56.9055pt, 483.69687pt, 56.9055pt)
* v-part:(T,H,B)=(85.35826pt, 674.33032pt, 85.35826pt)
* \paperwidth=597.50787pt
* \paperheight=845.04684pt
* \textwidth=483.69687pt
* \textheight=674.33032pt
* \oddsidemargin=-15.36449pt
* \evensidemargin=-15.36449pt
* \topmargin=-18.78552pt
* \headheight=12.0pt
* \headsep=19.8738pt
* \topskip=12.0pt
* \footskip=30.0pt
* \marginparwidth=88.0pt
* \marginparsep=7.0pt
* \columnsep=10.0pt
* \skip\footins=10.8pt plus 4.0pt minus 2.0pt
* \hoffset=0.0pt
* \voffset=0.0pt
* \mag=1000
* \@twocolumnfalse
* \@twosidetrue
* \@mparswitchtrue
* \@reversemarginfalse
* (1in=72.27pt=25.4mm, 1cm=28.453pt)

LaTeX Info: Redefining \degres on input line 40.
LaTeX Info: Redefining \up on input line 40.

Package french.ldf Warning: OT1 encoding should not be used for French.
(french.ldf)                Add \usepackage[T1]{fontenc} to the preamble
(french.ldf)                of your document; reported on input line 40.

Package hyperref Info: Link coloring OFF on input line 40.
\@outlinefile=\write4
\openout4 = `main.out'.

(C:\Users\segur\AppData\Local\Programs\MiKTeX\tex/context/base/mkii\supp-pdf.mkii
[Loading MPS to PDF converter (version 2006.09.02).]
\scratchcounter=\count405
\scratchdimen=\dimen349
\scratchbox=\box85
\nofMPsegments=\count406
\nofMParguments=\count407
\everyMPshowfont=\toks52
\MPscratchCnt=\count408
\MPscratchDim=\dimen350
\MPnumerator=\count409
\makeMPintoPDFobject=\count410
\everyMPtoPDFconversion=\toks53
)
Preview: Fontsize 12pt
Preview: PDFoutput 1
(C:\Users\segur\AppData\Local\Programs\MiKTeX\tex/latex/translations/dicts\translations-basic-dictionary-french.trsl
File: translations-basic-dictionary-french.trsl (french translation file `translations-basic-dictionary')
)
Package translations Info: loading dictionary `translations-basic-dictionary' for `french'. on input line 40.
LaTeX Font Info:    Trying to load font information for U+msa on input line 43.
 (C:\Users\segur\AppData\Local\Programs\MiKTeX\tex/latex/amsfonts\umsa.fd
File: umsa.fd 2013/01/14 v3.01 AMS symbols A
)
LaTeX Font Info:    Trying to load font information for U+msb on input line 43.
 (C:\Users\segur\AppData\Local\Programs\MiKTeX\tex/latex/amsfonts\umsb.fd
File: umsb.fd 2013/01/14 v3.01 AMS symbols B
)
LaTeX Font Info:    Trying to load font information for U+rsfs on input line 43.
 (C:\Users\segur\AppData\Local\Programs\MiKTeX\tex/latex/jknappen\ursfs.fd
File: ursfs.fd 1998/03/24 rsfs font definition file (jk)
) [1
Non-PDF special ignored!
<special> header=pstricks.pro
Non-PDF special ignored!
<special> header=pst-algparser.pro
Non-PDF special ignored!
<special> header=pst-tools.pro
Non-PDF special ignored!
<special> header=pst-dots.pro
Non-PDF special ignored!
<special> header=pst-blur.pro
Non-PDF special ignored!
<special> header=pst-grad.pro
Non-PDF special ignored!
<special> header=pst-node.pro
Non-PDF special ignored!
<special> header=pst-coil.pro

Non-PDF special ignored!
<special> ps: /pssetRGBcolor /setrgbcolor load def /pssetCMYKcolor /setcmyk...
Non-PDF special ignored!
<special> ps:tx@Dict begin  gsave STV CP T /ps@rot 0 def grestore  end
Non-PDF special ignored!
<special> ps:tx@Dict begin  gsave STV CP T /ps@refangle 0.  def grestore  e...
Non-PDF special ignored!
<special> ps:0.8 setlinewidth 0 setgray
Non-PDF special ignored!
<special> ps:tx@Dict begin  gsave STV CP T /ps@rot 0 def grestore  end

{C:/Users/segur/AppData/Local/MiKTeX/fonts/map/pdftex/pdftex.map}] [2

] (main.toc
Overfull \hbox (5.01376pt too wide) in paragraph at lines 17--17
[][]\OT1/cmr/bx/n/14.4 II Mat-307 : Courbes pa-ram^^Setr^^Sees et ^^Sequations diff^^Serentielles pour 
 []

[3] [4])
\tf@toc=\write5
\openout5 = `main.toc'.

 [5] [6

] [7] [8]
\openout2 = `MAT304.aux'.

 (MAT304.tex
Chapitre 1.

Package hyperref Warning: Token not allowed in a PDF string (Unicode):
(hyperref)                removing `math shift' on input line 1.


Package hyperref Warning: Token not allowed in a PDF string (Unicode):
(hyperref)                removing `superscript' on input line 1.


Package hyperref Warning: Token not allowed in a PDF string (Unicode):
(hyperref)                removing `math shift' on input line 1.

[9


] [10

]
Chapitre 2.
[11] [12

]
Chapitre 3.
[13] [14

]
Chapitre 4.
[15] [16

]
Chapitre 5.
[17] [18

]
Chapitre 6.
[19] [20

]
Chapitre 7.
Package hyperref Info: bookmark level for unknown bclogo defaults to 0 on input line 16.
File: bc-book.mps Graphic file (type mps)
[MP to PDF] (C:\Users\segur\AppData\Local\Programs\MiKTeX\tex/latex/bclogo\bc-book.mps)
Package mdframed Info: mdframed works in twoside mode on input line 16.


LaTeX Warning: Reference `mdf@pagelabel-1' on page 21 undefined on input line 18.


Package pst-pdf Warning: pspicture No. 1 undefined.

File: bc-book.mps Graphic file (type mps)
[MP to PDF] (C:\Users\segur\AppData\Local\Programs\MiKTeX\tex/latex/bclogo\bc-book.mps)
Package mdframed Info: mdframed works in twoside mode on input line 21.

Underfull \hbox (badness 10000) in paragraph at lines 27--30

 []


LaTeX Warning: Reference `mdf@pagelabel-2' on page 21 undefined on input line 31.


Package pst-pdf Warning: pspicture No. 2 undefined.

File: bc-crayon.mps Graphic file (type mps)
[MP to PDF] (C:\Users\segur\AppData\Local\Programs\MiKTeX\tex/latex/bclogo\bc-crayon.mps)
Package mdframed Info: mdframed works in twoside mode on input line 32.

Underfull \hbox (badness 10000) in paragraph at lines 33--39

 []


Underfull \hbox (badness 10000) in paragraph at lines 39--41

 []


Underfull \hbox (badness 10000) in paragraph at lines 41--45

 []


Underfull \hbox (badness 10000) in paragraph at lines 41--45

 []


LaTeX Warning: Reference `mdf@pagelabel-3' on page 21 undefined on input line 45.


Package pst-pdf Warning: pspicture No. 3 undefined.

[21]

LaTeX Warning: Reference `mdf@pagelabel-4' on page 22 undefined on input line 45.


Package pst-pdf Warning: pspicture No. 4 undefined.

File: bc-outil.mps Graphic file (type mps)
[MP to PDF] (C:\Users\segur\AppData\Local\Programs\MiKTeX\tex/latex/bclogo\bc-outil.mps)
Package mdframed Info: mdframed works in twoside mode on input line 48.


LaTeX Warning: Reference `mdf@pagelabel-5' on page 22 undefined on input line 51.


Package pst-pdf Warning: pspicture No. 5 undefined.


Overfull \hbox (24.19495pt too wide) in paragraph at lines 52--52
[]\OT1/cmr/bx/n/17.28 Polyn^ome ca-ract^^Seristique et cal-cul des ^^Sel^^Sements propres 
 []

File: bc-book.mps Graphic file (type mps)
[MP to PDF] (C:\Users\segur\AppData\Local\Programs\MiKTeX\tex/latex/bclogo\bc-book.mps)
Package mdframed Info: mdframed works in twoside mode on input line 54.

Underfull \hbox (badness 10000) in paragraph at lines 62--64

 []


LaTeX Warning: Reference `mdf@pagelabel-6' on page 22 undefined on input line 64.


Package pst-pdf Warning: pspicture No. 6 undefined.

File: bc-cle.mps Graphic file (type mps)
[MP to PDF] (C:\Users\segur\AppData\Local\Programs\MiKTeX\tex/latex/bclogo\bc-cle.mps)
Package mdframed Info: mdframed works in twoside mode on input line 66.


LaTeX Warning: Reference `mdf@pagelabel-7' on page 22 undefined on input line 69.


Package pst-pdf Warning: pspicture No. 7 undefined.

File: bc-crayon.mps Graphic file (type mps)
[MP to PDF] (C:\Users\segur\AppData\Local\Programs\MiKTeX\tex/latex/bclogo\bc-crayon.mps)
Package mdframed Info: mdframed works in twoside mode on input line 71.

Underfull \hbox (badness 10000) in paragraph at lines 72--86

 []


LaTeX Warning: Reference `mdf@pagelabel-8' on page 22 undefined on input line 88.


Package pst-pdf Warning: pspicture No. 8 undefined.

File: bc-outil.mps Graphic file (type mps)
[MP to PDF] (C:\Users\segur\AppData\Local\Programs\MiKTeX\tex/latex/bclogo\bc-outil.mps)
Package mdframed Info: mdframed works in twoside mode on input line 90.


LaTeX Warning: Reference `mdf@pagelabel-9' on page 22 undefined on input line 97.


Package pst-pdf Warning: pspicture No. 9 undefined.


Underfull \hbox (badness 10000) in paragraph at lines 99--103

 []

File: bc-book.mps Graphic file (type mps)
[MP to PDF] (C:\Users\segur\AppData\Local\Programs\MiKTeX\tex/latex/bclogo\bc-book.mps)
Package mdframed Info: mdframed works in twoside mode on input line 104.


LaTeX Warning: Reference `mdf@pagelabel-10' on page 22 undefined on input line 109.


Package pst-pdf Warning: pspicture No. 10 undefined.

File: bc-lampe.mps Graphic file (type mps)
[MP to PDF] (C:\Users\segur\AppData\Local\Programs\MiKTeX\tex/latex/bclogo\bc-lampe.mps)
Package mdframed Info: mdframed works in twoside mode on input line 111.

Underfull \hbox (badness 10000) in paragraph at lines 116--118

 []


LaTeX Warning: Reference `mdf@pagelabel-11' on page 22 undefined on input line 119.


Package pst-pdf Warning: pspicture No. 11 undefined.

File: bc-crayon.mps Graphic file (type mps)
[MP to PDF] (C:\Users\segur\AppData\Local\Programs\MiKTeX\tex/latex/bclogo\bc-crayon.mps)
Package mdframed Info: mdframed works in twoside mode on input line 120.

Underfull \hbox (badness 10000) in paragraph at lines 133--142

 []


LaTeX Warning: Reference `mdf@pagelabel-12' on page 22 undefined on input line 158.


Package pst-pdf Warning: pspicture No. 12 undefined.

[22]
Package mdframed Info: Box was splittet wrong
 starting loop to iterate the splitting point
(mdframed)              on input line 158.


LaTeX Warning: Reference `mdf@pagelabel-13' on page 23 undefined on input line 158.


Package pst-pdf Warning: pspicture No. 13 undefined.

[23]

LaTeX Warning: Reference `mdf@pagelabel-14' on page 24 undefined on input line 158.


Package pst-pdf Warning: pspicture No. 14 undefined.

File: bc-book.mps Graphic file (type mps)
[MP to PDF] (C:\Users\segur\AppData\Local\Programs\MiKTeX\tex/latex/bclogo\bc-book.mps)
Package mdframed Info: mdframed works in twoside mode on input line 163.


LaTeX Warning: Reference `mdf@pagelabel-15' on page 24 undefined on input line 165.


Package pst-pdf Warning: pspicture No. 15 undefined.

File: bc-lampe.mps Graphic file (type mps)
[MP to PDF] (C:\Users\segur\AppData\Local\Programs\MiKTeX\tex/latex/bclogo\bc-lampe.mps)
Package mdframed Info: mdframed works in twoside mode on input line 169.


LaTeX Warning: Reference `mdf@pagelabel-16' on page 24 undefined on input line 181.


Package pst-pdf Warning: pspicture No. 16 undefined.

File: bc-crayon.mps Graphic file (type mps)
[MP to PDF] (C:\Users\segur\AppData\Local\Programs\MiKTeX\tex/latex/bclogo\bc-crayon.mps)
Package mdframed Info: mdframed works in twoside mode on input line 182.


LaTeX Warning: Reference `mdf@pagelabel-17' on page 24 undefined on input line 184.


Package pst-pdf Warning: pspicture No. 17 undefined.

File: bc-cle.mps Graphic file (type mps)
[MP to PDF] (C:\Users\segur\AppData\Local\Programs\MiKTeX\tex/latex/bclogo\bc-cle.mps)
Package mdframed Info: mdframed works in twoside mode on input line 186.


LaTeX Warning: Reference `mdf@pagelabel-18' on page 24 undefined on input line 189.


Package pst-pdf Warning: pspicture No. 18 undefined.

[24]
Chapitre 8.
) [25

] [26



] [27] [28]
\openout2 = `MAT307.aux'.

 (MAT307.tex [29


] [30]
Chapitre 1.
File: bc-book.mps Graphic file (type mps)
[MP to PDF] (C:\Users\segur\AppData\Local\Programs\MiKTeX\tex/latex/bclogo\bc-book.mps)
Package mdframed Info: mdframed works in twoside mode on input line 4.


LaTeX Warning: Reference `mdf@pagelabel-19' on page 31 undefined on input line 11.


Package pst-pdf Warning: pspicture No. 19 undefined.

File: bc-info.mps Graphic file (type mps)
[MP to PDF] (C:\Users\segur\AppData\Local\Programs\MiKTeX\tex/latex/bclogo\bc-info.mps)
Package mdframed Info: mdframed works in twoside mode on input line 19.


LaTeX Warning: Reference `mdf@pagelabel-20' on page 31 undefined on input line 22.


Package pst-pdf Warning: pspicture No. 20 undefined.

File: bc-book.mps Graphic file (type mps)
[MP to PDF] (C:\Users\segur\AppData\Local\Programs\MiKTeX\tex/latex/bclogo\bc-book.mps)
Package mdframed Info: mdframed works in twoside mode on input line 27.


LaTeX Warning: Reference `mdf@pagelabel-21' on page 31 undefined on input line 30.


Package pst-pdf Warning: pspicture No. 21 undefined.

File: bc-outil.mps Graphic file (type mps)
[MP to PDF] (C:\Users\segur\AppData\Local\Programs\MiKTeX\tex/latex/bclogo\bc-outil.mps)
Package mdframed Info: mdframed works in twoside mode on input line 33.


Package mdframed Warning: You got a bad break
(mdframed)                because the last box will be empty
(mdframed)                you have to change it manually
(mdframed)                by changing the text, the space
(mdframed)                or something else on input line 42.


LaTeX Warning: Reference `mdf@pagelabel-22' on page 31 undefined on input line 42.


Package pst-pdf Warning: pspicture No. 22 undefined.

[31

]

LaTeX Warning: Reference `mdf@pagelabel-23' on page 32 undefined on input line 42.


Package pst-pdf Warning: pspicture No. 23 undefined.

File: bc-outil.mps Graphic file (type mps)
[MP to PDF] (C:\Users\segur\AppData\Local\Programs\MiKTeX\tex/latex/bclogo\bc-outil.mps)
Package mdframed Info: mdframed works in twoside mode on input line 50.


LaTeX Warning: Reference `mdf@pagelabel-24' on page 32 undefined on input line 57.


Package pst-pdf Warning: pspicture No. 24 undefined.

File: bc-crayon.mps Graphic file (type mps)
[MP to PDF] (C:\Users\segur\AppData\Local\Programs\MiKTeX\tex/latex/bclogo\bc-crayon.mps)
Package mdframed Info: mdframed works in twoside mode on input line 60.

Underfull \hbox (badness 10000) in paragraph at lines 68--74

 []


Package pst-pdf Warning: pspicture No. 25 undefined.


LaTeX Warning: Reference `mdf@pagelabel-25' on page 32 undefined on input line 83.


Package pst-pdf Warning: pspicture No. 26 undefined.

File: bc-book.mps Graphic file (type mps)
[MP to PDF] (C:\Users\segur\AppData\Local\Programs\MiKTeX\tex/latex/bclogo\bc-book.mps)
Package mdframed Info: mdframed works in twoside mode on input line 86.

Underfull \hbox (badness 10000) in paragraph at lines 90--91

 []


LaTeX Warning: Reference `mdf@pagelabel-26' on page 32 undefined on input line 93.


Package pst-pdf Warning: pspicture No. 27 undefined.


Underfull \hbox (badness 10000) in paragraph at lines 94--101

 []

[32]
File: bc-outil.mps Graphic file (type mps)
 [MP to PDF] (C:\Users\segur\AppData\Local\Programs\MiKTeX\tex/latex/bclogo\bc-outil.mps)
Package mdframed Info: mdframed works in twoside mode on input line 113.


LaTeX Warning: Reference `mdf@pagelabel-27' on page 33 undefined on input line 125.


Package pst-pdf Warning: pspicture No. 28 undefined.

File: bc-crayon.mps Graphic file (type mps)
[MP to PDF] (C:\Users\segur\AppData\Local\Programs\MiKTeX\tex/latex/bclogo\bc-crayon.mps)
Package mdframed Info: mdframed works in twoside mode on input line 129.


LaTeX Warning: Reference `mdf@pagelabel-28' on page 33 undefined on input line 131.


Package pst-pdf Warning: pspicture No. 29 undefined.

File: bc-lampe.mps Graphic file (type mps)
[MP to PDF] (C:\Users\segur\AppData\Local\Programs\MiKTeX\tex/latex/bclogo\bc-lampe.mps)
Package mdframed Info: mdframed works in twoside mode on input line 137.


LaTeX Warning: Reference `mdf@pagelabel-29' on page 33 undefined on input line 147.


Package pst-pdf Warning: pspicture No. 30 undefined.

File: bc-crayon.mps Graphic file (type mps)
[MP to PDF] (C:\Users\segur\AppData\Local\Programs\MiKTeX\tex/latex/bclogo\bc-crayon.mps)
Package mdframed Info: mdframed works in twoside mode on input line 148.


Package pst-pdf Warning: pspicture No. 31 undefined.

Package mdframed Info: Box was splittet wrong
 starting loop to iterate the splitting point
(mdframed)              on input line 173.

LaTeX Warning: Reference `mdf@pagelabel-30' on page 33 undefined on input line 173.


Package pst-pdf Warning: pspicture No. 32 undefined.

[33]

LaTeX Warning: Reference `mdf@pagelabel-31' on page 34 undefined on input line 173.


Package pst-pdf Warning: pspicture No. 33 undefined.

File: bc-book.mps Graphic file (type mps)
[MP to PDF] (C:\Users\segur\AppData\Local\Programs\MiKTeX\tex/latex/bclogo\bc-book.mps)
Package mdframed Info: mdframed works in twoside mode on input line 176.


LaTeX Warning: Reference `mdf@pagelabel-32' on page 34 undefined on input line 184.


Package pst-pdf Warning: pspicture No. 34 undefined.

File: bc-outil.mps Graphic file (type mps)
[MP to PDF] (C:\Users\segur\AppData\Local\Programs\MiKTeX\tex/latex/bclogo\bc-outil.mps)
Package mdframed Info: mdframed works in twoside mode on input line 187.


LaTeX Warning: Reference `mdf@pagelabel-33' on page 34 undefined on input line 190.


Package pst-pdf Warning: pspicture No. 35 undefined.

[34]
Chapitre 2.
[35

] [36

]
Chapitre 3.
[37] [38

] [39] [40]
Chapitre 1.
[41

] [42

]
Chapitre 2.
[43]
Overfull \hbox (4.77875pt too wide) has occurred while \output is active
\OT1/cmr/m/n/12 44 \OT1/cmr/m/sl/12 CHAPITRE 2.  M[]ETHODES NUM[]ERIQUE POUR LES []EQUATIONS DIFF[]ERENTIELLES
 []

[44

]
Chapitre 3.
) [45] [46



] [47] [48]
\openout2 = `MEC301.aux'.

 (MEC301.tex
Chapitre 1.
File: bc-book.mps Graphic file (type mps)
[MP to PDF] (C:\Users\segur\AppData\Local\Programs\MiKTeX\tex/latex/bclogo\bc-book.mps)
Package mdframed Info: mdframed works in twoside mode on input line 7.


LaTeX Warning: Reference `mdf@pagelabel-34' on page 49 undefined on input line 10.


Package pst-pdf Warning: pspicture No. 36 undefined.

File: bc-book.mps Graphic file (type mps)
[MP to PDF] (C:\Users\segur\AppData\Local\Programs\MiKTeX\tex/latex/bclogo\bc-book.mps)
Package mdframed Info: mdframed works in twoside mode on input line 13.


LaTeX Warning: Reference `mdf@pagelabel-35' on page 49 undefined on input line 16.


Package pst-pdf Warning: pspicture No. 37 undefined.

File: bc-info.mps Graphic file (type mps)
[MP to PDF] (C:\Users\segur\AppData\Local\Programs\MiKTeX\tex/latex/bclogo\bc-info.mps)
Package mdframed Info: mdframed works in twoside mode on input line 17.


LaTeX Warning: Reference `mdf@pagelabel-36' on page 49 undefined on input line 19.


Package pst-pdf Warning: pspicture No. 38 undefined.

[49


] [50

]
Chapitre 2.
[51] [52

]
Chapitre 3.
[53] [54

]
Chapitre 4.

Underfull \hbox (badness 10000) in paragraph at lines 35--44

 []


Underfull \hbox (badness 10000) in paragraph at lines 35--44

 []

File: bc-book.mps Graphic file (type mps)
[MP to PDF] (C:\Users\segur\AppData\Local\Programs\MiKTeX\tex/latex/bclogo\bc-book.mps)
Package mdframed Info: mdframed works in twoside mode on input line 46.


LaTeX Warning: Reference `mdf@pagelabel-37' on page 55 undefined on input line 50.


Package pst-pdf Warning: pspicture No. 39 undefined.


Underfull \hbox (badness 10000) in paragraph at lines 65--68

 []

File: bc-crayon.mps Graphic file (type mps)
[MP to PDF] (C:\Users\segur\AppData\Local\Programs\MiKTeX\tex/latex/bclogo\bc-crayon.mps)
Package mdframed Info: mdframed works in twoside mode on input line 73.
 [55]
Package mdframed Info: Not enough space on this page on input line 75.


LaTeX Warning: Reference `mdf@pagelabel-38' on page 56 undefined on input line 75.


Package pst-pdf Warning: pspicture No. 40 undefined.

) [56] [57



] [58]
\openout2 = `PHY301.aux'.

 (PHY301.tex [59


] [60] [61

] [62]) [63



] [64]
\openout2 = `PHY302.aux'.

 (PHY302.tex
Chapitre 1.
File: bc-book.mps Graphic file (type mps)
[MP to PDF] (C:\Users\segur\AppData\Local\Programs\MiKTeX\tex/latex/bclogo\bc-book.mps)
Package mdframed Info: mdframed works in twoside mode on input line 5.

Underfull \hbox (badness 10000) in paragraph at lines 6--10

 []


LaTeX Warning: Reference `mdf@pagelabel-39' on page 65 undefined on input line 15.


Package pst-pdf Warning: pspicture No. 41 undefined.

File: bc-crayon.mps Graphic file (type mps)
[MP to PDF] (C:\Users\segur\AppData\Local\Programs\MiKTeX\tex/latex/bclogo\bc-crayon.mps)
Package mdframed Info: mdframed works in twoside mode on input line 16.


LaTeX Warning: Reference `mdf@pagelabel-40' on page 65 undefined on input line 22.


Package pst-pdf Warning: pspicture No. 42 undefined.

File: bc-book.mps Graphic file (type mps)
[MP to PDF] (C:\Users\segur\AppData\Local\Programs\MiKTeX\tex/latex/bclogo\bc-book.mps)
Package mdframed Info: mdframed works in twoside mode on input line 24.

Overfull \hbox (5.12611pt too wide) in paragraph at lines 25--26
[]\OT1/cmr/m/n/12 Une va-riable d'^^Setat est une gran-deur phy-sique (me-su-rable) ca-ract^^Serisant l'^^Setat d'un syst^^Reme. 
 []


LaTeX Warning: Reference `mdf@pagelabel-41' on page 65 undefined on input line 26.


Package pst-pdf Warning: pspicture No. 43 undefined.


Underfull \hbox (badness 10000) in paragraph at lines 27--30

 []

File: bc-crayon.mps Graphic file (type mps)
[MP to PDF] (C:\Users\segur\AppData\Local\Programs\MiKTeX\tex/latex/bclogo\bc-crayon.mps)
Package mdframed Info: mdframed works in twoside mode on input line 35.


LaTeX Warning: Reference `mdf@pagelabel-42' on page 65 undefined on input line 38.


Package pst-pdf Warning: pspicture No. 44 undefined.

File: bc-book.mps Graphic file (type mps)
[MP to PDF] (C:\Users\segur\AppData\Local\Programs\MiKTeX\tex/latex/bclogo\bc-book.mps)
Package mdframed Info: mdframed works in twoside mode on input line 40.


LaTeX Warning: Reference `mdf@pagelabel-43' on page 65 undefined on input line 42.


Package pst-pdf Warning: pspicture No. 45 undefined.

File: bc-book.mps Graphic file (type mps)
[MP to PDF] (C:\Users\segur\AppData\Local\Programs\MiKTeX\tex/latex/bclogo\bc-book.mps)
Package mdframed Info: mdframed works in twoside mode on input line 46.
Package mdframed Info: Not enough space on this page on input line 48.
 [65


]
Package mdframed Info: Not enough space on this page on input line 48.


LaTeX Warning: Reference `mdf@pagelabel-44' on page 66 undefined on input line 48.


Package pst-pdf Warning: pspicture No. 46 undefined.

File: bc-book.mps Graphic file (type mps)
[MP to PDF] (C:\Users\segur\AppData\Local\Programs\MiKTeX\tex/latex/bclogo\bc-book.mps)
Package mdframed Info: mdframed works in twoside mode on input line 50.

Underfull \hbox (badness 10000) in paragraph at lines 51--52

 []


LaTeX Warning: Reference `mdf@pagelabel-45' on page 66 undefined on input line 57.


Package pst-pdf Warning: pspicture No. 47 undefined.

[66]
Chapitre 2.
[67

] [68

]
Chapitre 3.
[69] [70

]
Chapitre 4.
[71] [72

]
Chapitre 5.
) [73] [74



] [75] [76]
\openout2 = `Annexes.aux'.


No file Annexes.tex.

Package pst-pdf Warning: File `main-pics.pdf' not found. 
(pst-pdf)                Use the following commands to create it: 
(pst-pdf)                ---------------------------------------------------- 
(pst-pdf)                latex main.tex
(pst-pdf)                dvips -o main-pics.ps main.dvi
(pst-pdf)                ps2pdf main-pics.ps
(pst-pdf)                ---------------------------------------------------- .

(main.aux (MAT304.aux) (MAT307.aux) (MEC301.aux) (PHY301.aux) (PHY302.aux) (Annexes.aux))

LaTeX Warning: There were undefined references.


LaTeX Warning: Label(s) may have changed. Rerun to get cross-references right.


Package rerunfilecheck Warning: File `main.out' has changed.
(rerunfilecheck)                Rerun to get outlines right
(rerunfilecheck)                or use package `bookmark'.

Package rerunfilecheck Info: Checksums for `main.out':
(rerunfilecheck)             Before: <no file>
(rerunfilecheck)             After:  7BD02719D4359BF179611F5BBE574026;15805.
 ) 
Here is how much of TeX's memory you used:
 34256 strings out of 478614
 687547 string characters out of 2843122
 1053287 words of memory out of 3000000
 51462 multiletter control sequences out of 15000+600000
 484553 words of font info for 90 fonts, out of 8000000 for 9000
 1141 hyphenation exceptions out of 8191
 93i,21n,95p,703b,1090s stack positions out of 10000i,1000n,20000p,200000b,80000s
<C:/Users/segur/AppData/Local/Programs/MiKTeX/fonts/type1/public/amsfonts/cm/cmbx12.pfb><C:/Users/segur/AppData/Local/Programs/MiKTeX/fonts/type1/public/amsfonts/cm/cmex10.pfb><C:/Users/segur/AppData/Local/Programs/MiKTeX/fonts/type1/public/amsfonts/cm/cmmi12.pfb><C:/Users/segur/AppData/Local/Programs/MiKTeX/fonts/type1/public/amsfonts/cm/cmmi8.pfb><C:/Users/segur/AppData/Local/Programs/MiKTeX/fonts/type1/public/amsfonts/cm/cmr12.pfb><C:/Users/segur/AppData/Local/Programs/MiKTeX/fonts/type1/public/amsfonts/cm/cmr17.pfb><C:/Users/segur/AppData/Local/Programs/MiKTeX/fonts/type1/public/amsfonts/cm/cmr8.pfb><C:/Users/segur/AppData/Local/Programs/MiKTeX/fonts/type1/public/amsfonts/cm/cmsl12.pfb><C:/Users/segur/AppData/Local/Programs/MiKTeX/fonts/type1/public/amsfonts/cm/cmsy10.pfb><C:/Users/segur/AppData/Local/Programs/MiKTeX/fonts/type1/public/amsfonts/cm/cmsy8.pfb><C:/Users/segur/AppData/Local/Programs/MiKTeX/fonts/type1/public/amsfonts/symbols/msbm10.pfb><C:/Users/segur/AppData/Local/Programs/MiKTeX/fonts/type1/public/rsfs/rsfs10.pfb>
Output written on main.pdf (76 pages, 238159 bytes).
PDF statistics:
 643 PDF objects out of 1000 (max. 8388607)
 208 named destinations out of 1000 (max. 500000)
 13 words of extra memory for PDF output out of 10000 (max. 10000000)

